Arguments: 
  /usr/local/bin/node /Users/evstorm/.yarn/bin/yarn.js install

PATH: 
  /Users/evstorm/.yarn/bin:/Users/evstorm/.config/yarn/global/node_modules/.bin:/Library/Frameworks/Python.framework/Versions/3.8/bin:/usr/local/bin:/usr/bin:/bin:/usr/sbin:/sbin:/Applications/VMware Fusion.app/Contents/Public:/usr/local/go/bin:/usr/local/aria2/bin:/Library/Apple/usr/bin:/Users/evstorm/.yarn/bin:/Users/evstorm/.config/yarn/global/node_modules/.bin:/Library/Frameworks/Python.framework/Versions/3.8/bin:/Users/evstorm/development/flutter/bin:/Users/evstorm/development/flutter/bin

Yarn version: 
  1.22.5

Node version: 
  14.2.0

Platform: 
  darwin x64

Trace: 
  Error: EINVAL: invalid argument, mkdir '/Users/evstorm/Desktop/getUniapp-doc/node_modules/superagent-proxy/node_modules'

npm manifest: 
  {
    "name": "getuniapp-doc",
    "version": "1.0.0",
    "description": "获取uniapp的组件和api文档",
    "main": "index.js",
    "scripts": {
      "test": "echo \"Error: no test specified\" && exit 1"
    },
    "author": "",
    "license": "ISC",
    "dependencies": {
      "fs-extra": "^10.0.0",
      "marked": "^2.1.3",
      "cheerio": "^1.0.0-rc.10",
      "async": "^3.2.0",
      "chalk": "^4.1.0",
      "superagent": "^6.1.0",
      "superagent-proxy": "^2.0.0"
    }
  }

yarn manifest: 
  No manifest

Lockfile: 
  No lockfile
